<?xml version="1.0" encoding="UTF-8"?>
<!-- Generated by org.testng.reporters.JUnitReportReporter -->
<testsuite hostname="PC" failures="0" tests="1" name="Test_Case_File.TestCase" time="6.329" errors="0" timestamp="2024-08-06T15:23:41 IST" skipped="0">
  <testcase classname="Test_Case_File.TestCase" name="logiCase" time="6.329"/>
</testsuite> <!-- Test_Case_File.TestCase -->
